==174== Memcheck, a memory error detector
==174== Copyright (C) 2002-2017, and GNU GPL'd, by Julian Seward et al.
==174== Using Valgrind-3.18.1 and LibVEX; rerun with -h for copyright info
==174== Command: /tmp/tmp7qi536lj/student/build//bin/tests
==174== 
Running main() from /tmp/tmp7qi536lj/student/tests/lib/googletest/src/gtest_main.cc
[==========] Running 14 tests from 2 test suites.
[----------] Global test environment set-up.
[----------] 6 tests from FractionTester
[ RUN      ] FractionTester.constructionAndGetters_expectedValuesFromConstructorReadableByGetters
[       OK ] FractionTester.constructionAndGetters_expectedValuesFromConstructorReadableByGetters (22 ms)
[ RUN      ] FractionTester.settersForMembers_expectedValuesChangesWithoutReduction
[       OK ] FractionTester.settersForMembers_expectedValuesChangesWithoutReduction (4 ms)
[ RUN      ] FractionTester.fractionMultiplyResultFractionImpossibleForReduction_expectedSimpleMultiplyingWorking
[       OK ] FractionTester.fractionMultiplyResultFractionImpossibleForReduction_expectedSimpleMultiplyingWorking (7 ms)
[ RUN      ] FractionTester.fractionAdditionResultFractionImpossibleForReduction_expectedSimpleAdditionWorking
[       OK ] FractionTester.fractionAdditionResultFractionImpossibleForReduction_expectedSimpleAdditionWorking (4 ms)
[ RUN      ] FractionTester.settingInvalidDenominarrInConstructor_expectedThrow
[       OK ] FractionTester.settingInvalidDenominarrInConstructor_expectedThrow (44 ms)
[ RUN      ] FractionTester.fractionAdditionWithCommonDenominator_expectedReduction
[       OK ] FractionTester.fractionAdditionWithCommonDenominator_expectedReduction (3 ms)
[----------] 6 tests from FractionTester (98 ms total)

[----------] 8 tests from VectorTest
[ RUN      ] VectorTest.constructionAndGetters_expectedValuesFromConstructorReadableByGetters
[       OK ] VectorTest.constructionAndGetters_expectedValuesFromConstructorReadableByGetters (7 ms)
[ RUN      ] VectorTest.destructOfNotEmptyVector_expectedMemoryFreedOnce
/tmp/tmp7qi536lj/student/tests/vectorTests.cpp:124: Failure
Expected equality of these values:
  expectedReallocations
    Which is: 1
  MyOwnMemoryManagement::deletions
    Which is: 0
[  FAILED  ] VectorTest.destructOfNotEmptyVector_expectedMemoryFreedOnce (61 ms)
[ RUN      ] VectorTest.addingMultipleElementsWithoutReallocation_expectedSizeIncreasesButCapacityDoesNot
[       OK ] VectorTest.addingMultipleElementsWithoutReallocation_expectedSizeIncreasesButCapacityDoesNot (4 ms)
[ RUN      ] VectorTest.accessingWithIndexOperator_expectedProperElementsInProperPlaces
[       OK ] VectorTest.accessingWithIndexOperator_expectedProperElementsInProperPlaces (4 ms)
[ RUN      ] VectorTest.copyAndMoveConstructor_expectedSuccessfulCopyAndMove
[       OK ] VectorTest.copyAndMoveConstructor_expectedSuccessfulCopyAndMove (16 ms)
[ RUN      ] VectorTest.assignmentOperatorCopyingAndMoving_expectedSuccessfulCopyAndMove
[       OK ] VectorTest.assignmentOperatorCopyingAndMoving_expectedSuccessfulCopyAndMove (16 ms)
[ RUN      ] VectorTest.accessingWithIndexOperatorOutOfRange_expectedExceptionWhenOutOfRange
[       OK ] VectorTest.accessingWithIndexOperatorOutOfRange_expectedExceptionWhenOutOfRange (6 ms)
[ RUN      ] VectorTest.addingElementsWithReallocationNecessairy
[       OK ] VectorTest.addingElementsWithReallocationNecessairy (5 ms)
[----------] 8 tests from VectorTest (127 ms total)

[----------] Global test environment tear-down
[==========] 14 tests from 2 test suites ran. (284 ms total)
[  PASSED  ] 13 tests.
[  FAILED  ] 1 test, listed below:
[  FAILED  ] VectorTest.destructOfNotEmptyVector_expectedMemoryFreedOnce

 1 FAILED TEST
==174== 
==174== HEAP SUMMARY:
==174==     in use at exit: 0 bytes in 0 blocks
==174==   total heap usage: 452 allocs, 452 frees, 147,287 bytes allocated
==174== 
==174== All heap blocks were freed -- no leaks are possible
==174== 
==174== For lists of detected and suppressed errors, rerun with: -s
==174== ERROR SUMMARY: 0 errors from 0 contexts (suppressed: 0 from 0)
